<?xml version="1.0" encoding="UTF-8"?>
<!-- Generated by org.testng.reporters.JUnitXMLReporter -->
<testsuite hostname="DESKTOP-ASBRVUU" failures="0" tests="2" name=" Release 2022.3 sanity testing" time="137.23" errors="0" timestamp="10 Mar 2022 09:28:17 GMT">
  <testcase classname="org.testNG.test.testNg_practice.Ebay_sanity1" name="empty_search_test" time="0.075"/>
  <testcase classname="org.testNG.test.testNg_practice.Amazon_sanity2" name="Empty_search" time="0.054"/>
</testsuite> <!--  Release 2022.3 sanity testing -->
