<?xml version="1.0" encoding="UTF-8"?>
<!-- Generated by org.testng.reporters.JUnitXMLReporter -->
<testsuite hostname="DESKTOP-ASBRVUU" failures="0" tests="4" name=" Release 2022.3 sanity testing" time="120.558" errors="0" timestamp="11 Mar 2022 10:08:35 GMT">
  <testcase classname="org.testNG.test.testNg_practice.Ebay_test_case1" name="empty_search_test" time="0.08"/>
  <testcase classname="org.testNG.test.testNg_practice.Ebay_test_case1" name="sanity_test1" time="0.032"/>
  <testcase classname="org.testNG.test.testNg_practice.Amazon_test_case2" name="Empty_search" time="0.08"/>
  <testcase classname="org.testNG.test.testNg_practice.Amazon_test_case2" name="sanity_test2" time="0.032"/>
</testsuite> <!--  Release 2022.3 sanity testing -->
